生成启动时间为 2016/7/6 1:25:56。
     1>项目“D:\12Xpp\AVTCameraManipulate\AVTCameraManipulate\AVTCameraManipulate.vcxproj”在节点 2 上(build 个目标)。
     1>InitializeBuildStatus:
         正在对“Debug\AVTCameraManipulate.unsuccessfulbuild”执行 Touch 任务。
       ClCompile:
         所有输出均为最新。
         C:\Program Files (x86)\Microsoft Visual Studio 10.0\VC\bin\CL.exe /c /ZI /nologo /W3 /WX- /Od /Oy- /D WIN32 /D _WINDOWS /D _DEBUG /D _MBCS /D _AFXDLL /Gm /EHsc /RTC1 /MDd /GS /fp:precise /Zc:wchar_t /Zc:forScope /Yu"StdAfx.h" /Fp"Debug\AVTCameraManipulate.pch" /Fo"Debug\\" /Fd"Debug\vc100.pdb" /Gd /TP /analyze- /errorReport:prompt AVTCameraManipulateDlg.cpp
         AVTCameraManipulateDlg.cpp
       ResourceCompile:
         所有输出均为最新。
       ManifestResourceCompile:
         所有输出均为最新。
       Link:
         C:\Program Files (x86)\Microsoft Visual Studio 10.0\VC\bin\link.exe /ERRORREPORT:PROMPT /OUT:"D:\12Xpp\AVTCameraManipulate\Debug\AVTCameraManipulate.exe" /INCREMENTAL /NOLOGO /MANIFEST /ManifestFile:"Debug\AVTCameraManipulate.exe.intermediate.manifest" /MANIFESTUAC:"level='asInvoker' uiAccess='false'" /DEBUG /PDB:"D:\12Xpp\AVTCameraManipulate\Debug\AVTCameraManipulate.pdb" /SUBSYSTEM:WINDOWS /TLBID:1 /DYNAMICBASE /NXCOMPAT /IMPLIB:"D:\12Xpp\AVTCameraManipulate\Debug\AVTCameraManipulate.lib" /MACHINE:X86 Debug\AVTCameraManipulate.res
         Debug\AVTCameraManipulate.exe.embed.manifest.res
         Debug\AVTCameraManipulate.obj
         Debug\AVTCameraManipulateDlg.obj
         Debug\stdafx.obj
       Manifest:
         C:\Program Files (x86)\Microsoft SDKs\Windows\v7.0A\bin\mt.exe /nologo /verbose /out:"Debug\AVTCameraManipulate.exe.embed.manifest" /manifest Debug\AVTCameraManipulate.exe.intermediate.manifest "C:\Program Files (x86)\Microsoft Visual Studio 10.0\VC\Include\Manifest\dpiaware.manifest"
         所有输出均为最新。
       LinkEmbedManifest:
         所有输出均为最新。
         AVTCameraManipulate.vcxproj -> D:\12Xpp\AVTCameraManipulate\Debug\AVTCameraManipulate.exe
       FinalizeBuildStatus:
         正在删除文件“Debug\AVTCameraManipulate.unsuccessfulbuild”。
         正在对“Debug\AVTCameraManipulate.lastbuildstate”执行 Touch 任务。
     1>已完成生成项目“D:\12Xpp\AVTCameraManipulate\AVTCameraManipulate\AVTCameraManipulate.vcxproj”(build 个目标)的操作。

生成成功。

已用时间 00:00:00.60
